C:\USERS\REPLY\DOCUMENTS\VISUAL STUDIO 2010\PROJECTS\GET_VK_NEWS\DEBUG\GET_VK_NEWS.EXE
C:\USERS\REPLY\DOCUMENTS\VISUAL STUDIO 2010\PROJECTS\GET_VK_NEWS\DEBUG\GET_VK_NEWS.PDB
c:\Users\reply\documents\visual studio 2010\Projects\get_vk_news\get_vk_news\Debug\cl.command.1.tlog
c:\Users\reply\documents\visual studio 2010\Projects\get_vk_news\get_vk_news\Debug\CL.read.1.tlog
c:\Users\reply\documents\visual studio 2010\Projects\get_vk_news\get_vk_news\Debug\CL.write.1.tlog
c:\Users\reply\documents\visual studio 2010\Projects\get_vk_news\get_vk_news\Debug\get_vk_news.exe.embed.manifest
C:\USERS\REPLY\DOCUMENTS\VISUAL STUDIO 2010\PROJECTS\GET_VK_NEWS\GET_VK_NEWS\DEBUG\GET_VK_NEWS.EXE.EMBED.MANIFEST.RES
C:\USERS\REPLY\DOCUMENTS\VISUAL STUDIO 2010\PROJECTS\GET_VK_NEWS\GET_VK_NEWS\DEBUG\GET_VK_NEWS.EXE.INTERMEDIATE.MANIFEST
c:\Users\reply\documents\visual studio 2010\Projects\get_vk_news\get_vk_news\Debug\get_vk_news.vcxprojResolveAssemblyReference.cache
c:\Users\reply\documents\visual studio 2010\Projects\get_vk_news\get_vk_news\Debug\get_vk_news.write.1.tlog
c:\Users\reply\documents\visual studio 2010\Projects\get_vk_news\get_vk_news\Debug\get_vk_news_manifest.rc
c:\Users\reply\documents\visual studio 2010\Projects\get_vk_news\get_vk_news\Debug\link.command.1.tlog
c:\Users\reply\documents\visual studio 2010\Projects\get_vk_news\get_vk_news\Debug\link.read.1.tlog
c:\Users\reply\documents\visual studio 2010\Projects\get_vk_news\get_vk_news\Debug\link.write.1.tlog
C:\USERS\REPLY\DOCUMENTS\VISUAL STUDIO 2010\PROJECTS\GET_VK_NEWS\GET_VK_NEWS\DEBUG\MAIN.OBJ
c:\Users\reply\documents\visual studio 2010\Projects\get_vk_news\get_vk_news\Debug\mt.command.1.tlog
c:\Users\reply\documents\visual studio 2010\Projects\get_vk_news\get_vk_news\Debug\mt.read.1.tlog
c:\Users\reply\documents\visual studio 2010\Projects\get_vk_news\get_vk_news\Debug\mt.write.1.tlog
c:\Users\reply\documents\visual studio 2010\Projects\get_vk_news\get_vk_news\Debug\rc.command.1.tlog
c:\Users\reply\documents\visual studio 2010\Projects\get_vk_news\get_vk_news\Debug\rc.read.1.tlog
c:\Users\reply\documents\visual studio 2010\Projects\get_vk_news\get_vk_news\Debug\rc.write.1.tlog
C:\USERS\REPLY\DOCUMENTS\VISUAL STUDIO 2010\PROJECTS\GET_VK_NEWS\GET_VK_NEWS\DEBUG\TINYXML.OBJ
c:\Users\reply\documents\visual studio 2010\Projects\get_vk_news\get_vk_news\Debug\vc100.idb
C:\USERS\REPLY\DOCUMENTS\VISUAL STUDIO 2010\PROJECTS\GET_VK_NEWS\GET_VK_NEWS\DEBUG\VC100.PDB
